  [1m[35m (3.4ms)[0m  [1m[35mCREATE DATABASE "first_routes_development" ENCODING = 'unicode'[0m
  ↳ bin/rails:9
  [1m[35m (0.7ms)[0m  [1m[35mCREATE DATABASE "first_routes_test" ENCODING = 'unicode'[0m
  ↳ bin/rails:9
Started GET "/" for ::1 at 2020-11-20 19:18:39 -0800

PG::ConnectionBad - could not connect to server: No such file or directory
	Is the server running locally and accepting
	connections on Unix domain socket "/tmp/.s.PGSQL.5432"?:

Started POST "/__better_errors/075a372bf64b28db/variables" for ::1 at 2020-11-20 19:18:39 -0800
Started GET "/" for ::1 at 2020-11-20 19:24:49 -0800

PG::ConnectionBad - could not connect to server: No such file or directory
	Is the server running locally and accepting
	connections on Unix domain socket "/tmp/.s.PGSQL.5432"?:

Started POST "/__better_errors/797affb95fcfdee7/variables" for ::1 at 2020-11-20 19:24:49 -0800
Started GET "/" for ::1 at 2020-11-20 19:25:05 -0800

PG::ConnectionBad - could not connect to server: No such file or directory
	Is the server running locally and accepting
	connections on Unix domain socket "/tmp/.s.PGSQL.5432"?:

Started POST "/__better_errors/b887c1eaa2a2bfbc/variables" for ::1 at 2020-11-20 19:25:06 -0800
Started GET "/users" for ::1 at 2020-11-20 19:28:46 -0800

PG::ConnectionBad - could not connect to server: No such file or directory
	Is the server running locally and accepting
	connections on Unix domain socket "/tmp/.s.PGSQL.5432"?:

Started GET "/" for ::1 at 2020-11-20 19:36:38 -0800

PG::ConnectionBad - could not connect to server: No such file or directory
	Is the server running locally and accepting
	connections on Unix domain socket "/tmp/.s.PGSQL.5432"?:

Started POST "/__better_errors/3c344d0cb37ebd23/variables" for ::1 at 2020-11-20 19:36:39 -0800
Started GET "/" for ::1 at 2020-11-20 19:42:33 -0800
Processing by Rails::WelcomeController#index as HTML
  Rendering /Users/Air/.rbenv/versions/2.5.1/lib/ruby/gems/2.5.0/gems/railties-5.2.4.4/lib/rails/templates/rails/welcome/index.html.erb
  Rendered /Users/Air/.rbenv/versions/2.5.1/lib/ruby/gems/2.5.0/gems/railties-5.2.4.4/lib/rails/templates/rails/welcome/index.html.erb (5.7ms)
Completed 200 OK in 49ms (Views: 24.7ms | ActiveRecord: 0.0ms)


Started GET "/users" for ::1 at 2020-11-20 19:44:26 -0800
Processing by UsersController#index as */*
No template found for UsersController#index, rendering head :no_content
Completed 204 No Content in 232ms (ActiveRecord: 0.0ms)


Started GET "/users.html" for ::1 at 2020-11-20 19:52:45 -0800
Processing by UsersController#index as HTML
  Rendering text template
  Rendered text template (0.0ms)
Completed 200 OK in 5ms (Views: 3.9ms | ActiveRecord: 0.0ms)


Started GET "/users.html" for ::1 at 2020-11-20 19:53:21 -0800
Processing by UsersController#index as HTML
  Rendering text template
  Rendered text template (0.0ms)
Completed 200 OK in 2ms (Views: 0.9ms | ActiveRecord: 0.0ms)


Started GET "/users" for ::1 at 2020-11-20 19:54:20 -0800
Processing by UsersController#index as */*
  Rendering text template
  Rendered text template (0.0ms)
Completed 200 OK in 1ms (Views: 0.7ms | ActiveRecord: 0.0ms)


Started GET "/users?favorite_drink=coffee" for ::1 at 2020-11-20 19:57:47 -0800
Processing by UsersController#index as */*
  Parameters: {"favorite_drink"=>"coffee"}
  Rendering text template
  Rendered text template (0.0ms)
Completed 200 OK in 2ms (Views: 0.9ms | ActiveRecord: 0.0ms)


Started GET "/users?favorite_car=z" for ::1 at 2020-11-20 19:58:10 -0800
Processing by UsersController#index as */*
  Parameters: {"favorite_car"=>"z"}
  Rendering text template
  Rendered text template (0.0ms)
Completed 200 OK in 2ms (Views: 1.1ms | ActiveRecord: 0.0ms)


Started GET "/users?favorite_car=ae86" for ::1 at 2020-11-20 19:58:21 -0800
Processing by UsersController#index as */*
  Parameters: {"favorite_car"=>"ae86"}
  Rendering text template
  Rendered text template (0.0ms)
Completed 200 OK in 2ms (Views: 0.8ms | ActiveRecord: 0.0ms)


Started GET "/users?admin=true" for ::1 at 2020-11-20 19:58:45 -0800
Processing by UsersController#index as */*
  Parameters: {"admin"=>"true"}
  Rendering text template
  Rendered text template (0.0ms)
Completed 200 OK in 1ms (Views: 0.4ms | ActiveRecord: 0.0ms)


Started POST "/users?admin=true" for ::1 at 2020-11-20 20:00:18 -0800

AbstractController::ActionNotFound - The action 'create' could not be found for UsersController:

Started POST "/users?admin=true" for ::1 at 2020-11-20 20:02:39 -0800
Processing by UsersController#create as */*
  Parameters: {"admin"=>"true"}
Completed 200 OK in 1ms (Views: 0.3ms | ActiveRecord: 0.0ms)


Started POST "/users?admin=true" for ::1 at 2020-11-20 20:02:55 -0800
Processing by UsersController#create as */*
  Parameters: {"admin"=>"true", "fav_car"=>"nsx"}
Completed 200 OK in 1ms (Views: 0.7ms | ActiveRecord: 0.0ms)


Started POST "/users?admin=true" for ::1 at 2020-11-20 20:03:08 -0800
Processing by UsersController#create as */*
  Parameters: {"admin"=>"true", "fav_car"=>"nsx", "fav_food"=>"sushi"}
Completed 200 OK in 1ms (Views: 0.2ms | ActiveRecord: 0.0ms)


Started POST "/users?admin=true" for ::1 at 2020-11-20 20:03:32 -0800
Processing by UsersController#create as */*
  Parameters: {"admin"=>"true", "fav_car"=>"nsx", "fav_food"=>"sushi", "ps5_or_xbox"=>"ps5"}
Completed 200 OK in 1ms (Views: 0.2ms | ActiveRecord: 0.0ms)


Started POST "/users?admin=true" for ::1 at 2020-11-20 20:03:42 -0800
Processing by UsersController#create as */*
  Parameters: {"admin"=>"true", "fav_car"=>"nsx", "fav_food"=>"sushi", "ps5_or_xbox"=>"ps5", "fav_dog"=>"Daisy"}
Completed 200 OK in 1ms (Views: 0.4ms | ActiveRecord: 0.0ms)


Started GET "/users/2" for ::1 at 2020-11-20 20:07:57 -0800

AbstractController::ActionNotFound - The action 'show' could not be found for UsersController:

Started GET "/users/2" for ::1 at 2020-11-20 20:08:24 -0800
Processing by UsersController#show as */*
  Parameters: {"admin"=>"true", "fav_car"=>"nsx", "fav_food"=>"sushi", "ps5_or_xbox"=>"ps5", "fav_dog"=>"Daisy", "id"=>"2"}
Completed 200 OK in 1ms (Views: 0.3ms | ActiveRecord: 0.0ms)


Started GET "/users/1" for ::1 at 2020-11-20 20:08:30 -0800
Processing by UsersController#show as */*
  Parameters: {"admin"=>"true", "fav_car"=>"nsx", "fav_food"=>"sushi", "ps5_or_xbox"=>"ps5", "fav_dog"=>"Daisy", "id"=>"1"}
Completed 200 OK in 1ms (Views: 0.7ms | ActiveRecord: 0.0ms)


Started GET "/users/2" for ::1 at 2020-11-20 20:10:15 -0800
Processing by UsersController#show as */*
  Parameters: {"admin"=>"true", "fav_car"=>"nsx", "fav_food"=>"sushi", "ps5_or_xbox"=>"ps5", "fav_dog"=>"Daisy", "id"=>"2"}
Completed 200 OK in 1ms (Views: 0.3ms | ActiveRecord: 0.0ms)


Started GET "/users/2" for ::1 at 2020-11-20 20:15:14 -0800
Processing by UsersController#show as */*
  Parameters: {"food"=>{"fav_cookie"=>"choco chip", "fav_noodles"=>"ramen", "sport"=>{"fav"=>"basketball"}}, "occupation"=>"developer", "id"=>"2"}
Completed 200 OK in 2ms (Views: 0.6ms | ActiveRecord: 0.0ms)


Started POST "/users/2" for ::1 at 2020-11-20 20:21:49 -0800
  
ActionController::RoutingError (No route matches [POST] "/users/2"):
  
actionpack (5.2.4.4) lib/action_dispatch/middleware/debug_exceptions.rb:65:in `call'
web-console (3.7.0) lib/web_console/middleware.rb:135:in `call_app'
web-console (3.7.0) lib/web_console/middleware.rb:30:in `block in call'
web-console (3.7.0) lib/web_console/middleware.rb:20:in `catch'
web-console (3.7.0) lib/web_console/middleware.rb:20:in `call'
actionpack (5.2.4.4) lib/action_dispatch/middleware/show_exceptions.rb:33:in `call'
railties (5.2.4.4) lib/rails/rack/logger.rb:38:in `call_app'
railties (5.2.4.4) lib/rails/rack/logger.rb:26:in `block in call'
activesupport (5.2.4.4) lib/active_support/tagged_logging.rb:71:in `block in tagged'
activesupport (5.2.4.4) lib/active_support/tagged_logging.rb:28:in `tagged'
activesupport (5.2.4.4) lib/active_support/tagged_logging.rb:71:in `tagged'
railties (5.2.4.4) lib/rails/rack/logger.rb:26:in `call'
sprockets-rails (3.2.2) lib/sprockets/rails/quiet_assets.rb:13:in `call'
actionpack (5.2.4.4) lib/action_dispatch/middleware/remote_ip.rb:81:in `call'
actionpack (5.2.4.4) lib/action_dispatch/middleware/request_id.rb:27:in `call'
rack (2.2.3) lib/rack/method_override.rb:24:in `call'
rack (2.2.3) lib/rack/runtime.rb:22:in `call'
activesupport (5.2.4.4) lib/active_support/cache/strategy/local_cache_middleware.rb:29:in `call'
actionpack (5.2.4.4) lib/action_dispatch/middleware/executor.rb:14:in `call'
actionpack (5.2.4.4) lib/action_dispatch/middleware/static.rb:127:in `call'
rack (2.2.3) lib/rack/sendfile.rb:110:in `call'
railties (5.2.4.4) lib/rails/engine.rb:524:in `call'
puma (3.12.6) lib/puma/configuration.rb:227:in `call'
puma (3.12.6) lib/puma/server.rb:706:in `handle_request'
puma (3.12.6) lib/puma/server.rb:476:in `process_client'
puma (3.12.6) lib/puma/server.rb:334:in `block in run'
puma (3.12.6) lib/puma/thread_pool.rb:135:in `block in spawn_thread'
Started GET "/users/2" for ::1 at 2020-11-20 20:24:25 -0800
Processing by UsersController#show as */*
  Parameters: {"food"=>{"fav_cookie"=>"choco chip", "fav_noodles"=>"ramen", "sport"=>{"fav"=>"basketball"}}, "occupation"=>"developer", "id"=>"2"}
Completed 200 OK in 2ms (Views: 0.6ms | ActiveRecord: 0.0ms)


Started GET "/" for ::1 at 2020-11-20 20:26:39 -0800
Processing by Rails::WelcomeController#index as HTML
  Rendering /Users/Air/.rbenv/versions/2.5.1/lib/ruby/gems/2.5.0/gems/railties-5.2.4.4/lib/rails/templates/rails/welcome/index.html.erb
  Rendered /Users/Air/.rbenv/versions/2.5.1/lib/ruby/gems/2.5.0/gems/railties-5.2.4.4/lib/rails/templates/rails/welcome/index.html.erb (5.9ms)
Completed 200 OK in 36ms (Views: 21.3ms | ActiveRecord: 0.0ms)


Started GET "/users" for ::1 at 2020-11-20 20:26:51 -0800
Processing by UsersController#index as HTML
  Rendering text template
  Rendered text template (0.1ms)
Completed 200 OK in 3ms (Views: 2.1ms | ActiveRecord: 0.0ms)


Started GET "/users/2" for ::1 at 2020-11-20 20:26:57 -0800
Processing by UsersController#show as HTML
  Parameters: {"id"=>"2"}
Completed 200 OK in 1ms (Views: 0.4ms | ActiveRecord: 0.0ms)


Started GET "/users" for ::1 at 2020-11-20 20:27:39 -0800
Processing by UsersController#index as */*
  Parameters: {"food"=>{"fav_cookie"=>"choco chip", "fav_noodles"=>"ramen", "sport"=>{"fav"=>"basketball"}}, "occupation"=>"developer"}
  Rendering text template
  Rendered text template (0.0ms)
Completed 200 OK in 1ms (Views: 0.4ms | ActiveRecord: 0.0ms)


Started GET "/users?head=false" for ::1 at 2020-11-20 20:28:09 -0800
Processing by UsersController#index as */*
  Parameters: {"food"=>{"fav_cookie"=>"choco chip", "fav_noodles"=>"ramen", "sport"=>{"fav"=>"basketball"}}, "occupation"=>"developer", "head"=>"false"}
  Rendering text template
  Rendered text template (0.0ms)
Completed 200 OK in 2ms (Views: 1.9ms | ActiveRecord: 0.0ms)


Started POST "/users?head=false" for ::1 at 2020-11-20 20:28:25 -0800
Processing by UsersController#create as */*
  Parameters: {"food"=>{"fav_cookie"=>"choco chip", "fav_noodles"=>"ramen", "sport"=>{"fav"=>"basketball"}}, "occupation"=>"developer", "head"=>"false"}
Completed 200 OK in 1ms (Views: 0.5ms | ActiveRecord: 0.0ms)


  [1m[35m (101.9ms)[0m  [1m[35mCREATE TABLE "schema_migrations" ("version" character varying NOT NULL PRIMARY KEY)[0m
  ↳ bin/rails:9
  [1m[35m (15.4ms)[0m  [1m[35mCREATE TABLE "ar_internal_metadata" ("key" character varying NOT NULL PRIMARY KEY, "value" character varying, "created_at" timestamp NOT NULL, "updated_at" timestamp NOT NULL)[0m
  ↳ bin/rails:9
  [1m[35m (4.1ms)[0m  [1m[34mSELECT pg_try_advisory_lock(7974280239715595190)[0m
  ↳ bin/rails:9
  [1m[35m (1.5ms)[0m  [1m[34mSELECT "schema_migrations"."version" FROM "schema_migrations" ORDER BY "schema_migrations"."version" ASC[0m
  ↳ bin/rails:9
Migrating to CreateUsers (20201121043815)
  [1m[35m (0.4ms)[0m  [1m[35mBEGIN[0m
  ↳ bin/rails:9
  [1m[35m (25.5ms)[0m  [1m[35mCREATE TABLE "users" ("id" bigserial primary key, "name" character varying NOT NULL, "email" character varying NOT NULL, "created_at" timestamp NOT NULL, "updated_at" timestamp NOT NULL)[0m
  ↳ db/migrate/20201121043815_create_users.rb:3
  [1m[36mActiveRecord::SchemaMigration Create (1.0ms)[0m  [1m[32mINSERT INTO "schema_migrations" ("version") VALUES ($1) RETURNING "version"[0m  [["version", "20201121043815"]]
  ↳ bin/rails:9
  [1m[35m (2.2ms)[0m  [1m[35mCOMMIT[0m
  ↳ bin/rails:9
  [1m[36mActiveRecord::InternalMetadata Load (0.9ms)[0m  [1m[34mSELECT  "ar_internal_metadata".* FROM "ar_internal_metadata" WHERE "ar_internal_metadata"."key" = $1 LIMIT $2[0m  [["key", "environment"], ["LIMIT", 1]]
  ↳ bin/rails:9
  [1m[35m (0.3ms)[0m  [1m[35mBEGIN[0m
  ↳ bin/rails:9
  [1m[36mActiveRecord::InternalMetadata Create (0.7ms)[0m  [1m[32mINSERT INTO "ar_internal_metadata" ("key", "value", "created_at", "updated_at") VALUES ($1, $2, $3, $4) RETURNING "key"[0m  [["key", "environment"], ["value", "development"], ["created_at", "2020-11-21 04:41:12.488125"], ["updated_at", "2020-11-21 04:41:12.488125"]]
  ↳ bin/rails:9
  [1m[35m (2.3ms)[0m  [1m[35mCOMMIT[0m
  ↳ bin/rails:9
  [1m[35m (0.4ms)[0m  [1m[34mSELECT pg_advisory_unlock(7974280239715595190)[0m
  ↳ bin/rails:9
  [1m[35m (0.4ms)[0m  [1m[34mSELECT "schema_migrations"."version" FROM "schema_migrations" ORDER BY "schema_migrations"."version" ASC[0m
  ↳ bin/rails:9
  [1m[35m (1.1ms)[0m  [1m[34mSELECT "schema_migrations"."version" FROM "schema_migrations" ORDER BY "schema_migrations"."version" ASC[0m
  ↳ bin/rails:9
Started POST "/users" for ::1 at 2020-11-20 20:41:55 -0800
  [1m[35m (3.8ms)[0m  [1m[34mSELECT "schema_migrations"."version" FROM "schema_migrations" ORDER BY "schema_migrations"."version" ASC[0m
  ↳ /Users/Air/.rbenv/versions/2.5.1/lib/ruby/gems/2.5.0/gems/activerecord-5.2.4.4/lib/active_record/log_subscriber.rb:98
Processing by UsersController#create as */*
  Parameters: {"food"=>{"fav_cookie"=>"choco chip", "fav_noodles"=>"ramen", "sport"=>{"fav"=>"basketball"}}, "occupation"=>"developer"}
Completed 200 OK in 1ms (Views: 0.4ms | ActiveRecord: 0.0ms)


Started GET "/users" for ::1 at 2020-11-20 20:42:04 -0800
Processing by UsersController#index as */*
  Parameters: {"food"=>{"fav_cookie"=>"choco chip", "fav_noodles"=>"ramen", "sport"=>{"fav"=>"basketball"}}, "occupation"=>"developer"}
  Rendering text template
  Rendered text template (0.0ms)
Completed 200 OK in 3ms (Views: 2.8ms | ActiveRecord: 0.0ms)


Started GET "/" for ::1 at 2020-11-20 20:42:53 -0800
Processing by Rails::WelcomeController#index as */*
  Parameters: {"food"=>{"fav_cookie"=>"choco chip", "fav_noodles"=>"ramen", "sport"=>{"fav"=>"basketball"}}, "occupation"=>"developer"}
  Rendering /Users/Air/.rbenv/versions/2.5.1/lib/ruby/gems/2.5.0/gems/railties-5.2.4.4/lib/rails/templates/rails/welcome/index.html.erb
  Rendered /Users/Air/.rbenv/versions/2.5.1/lib/ruby/gems/2.5.0/gems/railties-5.2.4.4/lib/rails/templates/rails/welcome/index.html.erb (2.2ms)
Completed 200 OK in 219ms (Views: 92.3ms | ActiveRecord: 0.0ms)


Started GET "/users" for ::1 at 2020-11-20 20:43:08 -0800
Processing by UsersController#index as */*
  Rendering text template
  Rendered text template (0.0ms)
Completed 200 OK in 2ms (Views: 1.0ms | ActiveRecord: 0.0ms)


Started GET "/users" for ::1 at 2020-11-20 20:46:10 -0800
Processing by UsersController#index as */*
  Rendering text template
  Rendered text template (0.0ms)
Completed 200 OK in 1ms (Views: 0.4ms | ActiveRecord: 0.0ms)


Started GET "/users/1" for ::1 at 2020-11-20 20:46:18 -0800
Processing by UsersController#show as */*
  Parameters: {"id"=>"1"}
Completed 200 OK in 1ms (Views: 0.2ms | ActiveRecord: 0.0ms)


  [1m[35m (0.3ms)[0m  [1m[35mBEGIN[0m
  [1m[35m (0.5ms)[0m  [1m[31mROLLBACK[0m
Started GET "/users" for ::1 at 2020-11-20 20:49:00 -0800
Processing by UsersController#index as */*
  [1m[36mUser Load (13.4ms)[0m  [1m[34mSELECT "users".* FROM "users"[0m
  ↳ app/controllers/users_controller.rb:3
Completed 200 OK in 36ms (Views: 6.8ms | ActiveRecord: 15.6ms)


  [1m[35m (0.3ms)[0m  [1m[35mBEGIN[0m
  [1m[35m (0.4ms)[0m  [1m[31mROLLBACK[0m
Started GET "/users?user[name]=Robert&user[email]=rk.com" for ::1 at 2020-11-20 20:54:37 -0800
Processing by UsersController#index as */*
  Parameters: {"user"=>{"name"=>"Robert", "email"=>"rk.com"}}
  [1m[36mUser Load (0.9ms)[0m  [1m[34mSELECT "users".* FROM "users"[0m
  ↳ app/controllers/users_controller.rb:3
Completed 200 OK in 26ms (Views: 3.6ms | ActiveRecord: 9.5ms)


Started POST "/users?user[name]=Robert&user[email]=rk.com" for ::1 at 2020-11-20 20:54:54 -0800
Processing by UsersController#create as */*
  Parameters: {"user"=>{"name"=>"Robert", "email"=>"rk.com"}}
  [1m[35m (2.5ms)[0m  [1m[35mBEGIN[0m
  ↳ app/controllers/users_controller.rb:8
  [1m[36mUser Create (1.7ms)[0m  [1m[32mINSERT INTO "users" ("name", "email", "created_at", "updated_at") VALUES ($1, $2, $3, $4) RETURNING "id"[0m  [["name", "Robert"], ["email", "rk.com"], ["created_at", "2020-11-21 04:54:54.748838"], ["updated_at", "2020-11-21 04:54:54.748838"]]
  ↳ app/controllers/users_controller.rb:8
  [1m[35m (1.5ms)[0m  [1m[35mCOMMIT[0m
  ↳ app/controllers/users_controller.rb:8
Completed 200 OK in 57ms (Views: 13.8ms | ActiveRecord: 17.0ms)


Started GET "/users/1" for ::1 at 2020-11-20 20:55:10 -0800
Processing by UsersController#show as */*
  Parameters: {"id"=>"1"}
Completed 200 OK in 1ms (Views: 0.2ms | ActiveRecord: 0.0ms)


Started POST "/users?user[name]=Robert&user[email]=rk.com" for ::1 at 2020-11-20 20:55:17 -0800
Processing by UsersController#create as */*
  Parameters: {"user"=>{"name"=>"Robert", "email"=>"rk.com"}}
  [1m[35m (1.0ms)[0m  [1m[35mBEGIN[0m
  ↳ app/controllers/users_controller.rb:8
  [1m[36mUser Create (1.5ms)[0m  [1m[32mINSERT INTO "users" ("name", "email", "created_at", "updated_at") VALUES ($1, $2, $3, $4) RETURNING "id"[0m  [["name", "Robert"], ["email", "rk.com"], ["created_at", "2020-11-21 04:55:17.094384"], ["updated_at", "2020-11-21 04:55:17.094384"]]
  ↳ app/controllers/users_controller.rb:8
  [1m[35m (3.3ms)[0m  [1m[35mCOMMIT[0m
  ↳ app/controllers/users_controller.rb:8
Completed 200 OK in 13ms (Views: 0.4ms | ActiveRecord: 5.8ms)


Started POST "/users?user[name]=Robert&user[email]=rk.com" for ::1 at 2020-11-20 20:58:47 -0800
Processing by UsersController#create as */*
  Parameters: {"user"=>{"name"=>"Robert", "email"=>"rk.com"}}
  [1m[35m (0.3ms)[0m  [1m[35mBEGIN[0m
  ↳ app/controllers/users_controller.rb:8
  [1m[36mUser Create (5.5ms)[0m  [1m[32mINSERT INTO "users" ("name", "email", "created_at", "updated_at") VALUES ($1, $2, $3, $4) RETURNING "id"[0m  [["name", "Robert"], ["email", "rk.com"], ["created_at", "2020-11-21 04:58:47.354947"], ["updated_at", "2020-11-21 04:58:47.354947"]]
  ↳ app/controllers/users_controller.rb:8
  [1m[35m (2.4ms)[0m  [1m[35mCOMMIT[0m
  ↳ app/controllers/users_controller.rb:8
Completed 200 OK in 66ms (Views: 0.5ms | ActiveRecord: 19.2ms)


Started POST "/users?user[name]=Robert" for ::1 at 2020-11-20 20:59:11 -0800
Processing by UsersController#create as */*
  Parameters: {"user"=>{"name"=>"Robert"}}
  [1m[35m (0.3ms)[0m  [1m[35mBEGIN[0m
  ↳ app/controllers/users_controller.rb:8
  [1m[35m (1.1ms)[0m  [1m[31mROLLBACK[0m
  ↳ app/controllers/users_controller.rb:8
Completed 500 Internal Server Error in 35ms (ActiveRecord: 1.4ms)



ArgumentError - Unrecognized status code :unproccessale_entity:
  app/controllers/users_controller.rb:11:in `create'

Started POST "/users?user[email]=rk.com" for ::1 at 2020-11-20 20:59:24 -0800
Processing by UsersController#create as */*
  Parameters: {"user"=>{"email"=>"rk.com"}}
  [1m[35m (0.2ms)[0m  [1m[35mBEGIN[0m
  ↳ app/controllers/users_controller.rb:8
  [1m[35m (0.3ms)[0m  [1m[31mROLLBACK[0m
  ↳ app/controllers/users_controller.rb:8
Completed 500 Internal Server Error in 6ms (ActiveRecord: 0.5ms)



ArgumentError - Unrecognized status code :unproccessale_entity:
  app/controllers/users_controller.rb:11:in `create'

Started POST "/users?user[name]=Robert&user[email]=rk.com" for ::1 at 2020-11-20 20:59:26 -0800
Processing by UsersController#create as */*
  Parameters: {"user"=>{"name"=>"Robert", "email"=>"rk.com"}}
  [1m[35m (1.6ms)[0m  [1m[35mBEGIN[0m
  ↳ app/controllers/users_controller.rb:8
  [1m[36mUser Create (2.3ms)[0m  [1m[32mINSERT INTO "users" ("name", "email", "created_at", "updated_at") VALUES ($1, $2, $3, $4) RETURNING "id"[0m  [["name", "Robert"], ["email", "rk.com"], ["created_at", "2020-11-21 04:59:26.998103"], ["updated_at", "2020-11-21 04:59:26.998103"]]
  ↳ app/controllers/users_controller.rb:8
  [1m[35m (2.8ms)[0m  [1m[35mCOMMIT[0m
  ↳ app/controllers/users_controller.rb:8
Completed 200 OK in 12ms (Views: 0.4ms | ActiveRecord: 6.7ms)


Started POST "/users?user[name]=Robert" for ::1 at 2020-11-20 21:00:16 -0800
Processing by UsersController#create as */*
  Parameters: {"user"=>{"name"=>"Robert"}}
  [1m[35m (0.6ms)[0m  [1m[35mBEGIN[0m
  ↳ app/controllers/users_controller.rb:8
  [1m[35m (0.3ms)[0m  [1m[31mROLLBACK[0m
  ↳ app/controllers/users_controller.rb:8
Completed 500 Internal Server Error in 8ms (ActiveRecord: 0.8ms)



ArgumentError - Unrecognized status code :unproccessale_entity:
  app/controllers/users_controller.rb:11:in `create'

Started POST "/users?user[name]=Robert" for ::1 at 2020-11-20 21:00:31 -0800
Processing by UsersController#create as */*
  Parameters: {"user"=>{"name"=>"Robert"}}
  [1m[35m (6.5ms)[0m  [1m[35mBEGIN[0m
  ↳ app/controllers/users_controller.rb:8
  [1m[35m (0.3ms)[0m  [1m[31mROLLBACK[0m
  ↳ app/controllers/users_controller.rb:8
Completed 422 Unprocessable Entity in 40ms (Views: 0.5ms | ActiveRecord: 14.6ms)


Started POST "/users?user[email]=rk.com" for ::1 at 2020-11-20 21:00:37 -0800
Processing by UsersController#create as */*
  Parameters: {"user"=>{"email"=>"rk.com"}}
  [1m[35m (0.3ms)[0m  [1m[35mBEGIN[0m
  ↳ app/controllers/users_controller.rb:8
  [1m[35m (0.2ms)[0m  [1m[31mROLLBACK[0m
  ↳ app/controllers/users_controller.rb:8
Completed 422 Unprocessable Entity in 8ms (Views: 0.2ms | ActiveRecord: 0.5ms)


Started POST "/users" for ::1 at 2020-11-20 21:00:40 -0800
Processing by UsersController#create as */*
Completed 400 Bad Request in 2ms (ActiveRecord: 0.0ms)



ActionController::ParameterMissing - param is missing or the value is empty: user:
  app/controllers/users_controller.rb:7:in `create'

Started POST "/users?user[name]=Robert&user[email]=rk.com" for ::1 at 2020-11-20 21:00:45 -0800
Processing by UsersController#create as */*
  Parameters: {"user"=>{"name"=>"Robert", "email"=>"rk.com"}}
  [1m[35m (8.3ms)[0m  [1m[35mBEGIN[0m
  ↳ app/controllers/users_controller.rb:8
  [1m[36mUser Create (1.5ms)[0m  [1m[32mINSERT INTO "users" ("name", "email", "created_at", "updated_at") VALUES ($1, $2, $3, $4) RETURNING "id"[0m  [["name", "Robert"], ["email", "rk.com"], ["created_at", "2020-11-21 05:00:45.415571"], ["updated_at", "2020-11-21 05:00:45.415571"]]
  ↳ app/controllers/users_controller.rb:8
  [1m[35m (6.5ms)[0m  [1m[35mCOMMIT[0m
  ↳ app/controllers/users_controller.rb:8
Completed 200 OK in 22ms (Views: 0.6ms | ActiveRecord: 16.4ms)


Started GET "/users/2" for ::1 at 2020-11-20 21:01:51 -0800
Processing by UsersController#show as */*
  Parameters: {"id"=>"2"}
  [1m[36mUser Load (0.5ms)[0m  [1m[34mSELECT  "users".* FROM "users" WHERE "users"."id" = $1 LIMIT $2[0m  [["id", 2], ["LIMIT", 1]]
  ↳ app/controllers/users_controller.rb:16
Completed 200 OK in 42ms (Views: 2.3ms | ActiveRecord: 10.7ms)


Started GET "/users/23" for ::1 at 2020-11-20 21:01:52 -0800
Processing by UsersController#show as */*
  Parameters: {"id"=>"23"}
  [1m[36mUser Load (1.0ms)[0m  [1m[34mSELECT  "users".* FROM "users" WHERE "users"."id" = $1 LIMIT $2[0m  [["id", 23], ["LIMIT", 1]]
  ↳ app/controllers/users_controller.rb:16
Completed 404 Not Found in 4ms (ActiveRecord: 1.0ms)



ActiveRecord::RecordNotFound - Couldn't find User with 'id'=23:
  app/controllers/users_controller.rb:16:in `show'

Started GET "/users/3" for ::1 at 2020-11-20 21:01:55 -0800
Processing by UsersController#show as */*
  Parameters: {"id"=>"3"}
  [1m[36mUser Load (3.7ms)[0m  [1m[34mSELECT  "users".* FROM "users" WHERE "users"."id" = $1 LIMIT $2[0m  [["id", 3], ["LIMIT", 1]]
  ↳ app/controllers/users_controller.rb:16
Completed 200 OK in 8ms (Views: 1.8ms | ActiveRecord: 3.7ms)


Started GET "/users/5" for ::1 at 2020-11-20 21:01:57 -0800
Processing by UsersController#show as */*
  Parameters: {"id"=>"5"}
  [1m[36mUser Load (1.1ms)[0m  [1m[34mSELECT  "users".* FROM "users" WHERE "users"."id" = $1 LIMIT $2[0m  [["id", 5], ["LIMIT", 1]]
  ↳ app/controllers/users_controller.rb:16
Completed 200 OK in 4ms (Views: 0.9ms | ActiveRecord: 1.1ms)


Started GET "/users/1" for ::1 at 2020-11-20 21:01:59 -0800
Processing by UsersController#show as */*
  Parameters: {"id"=>"1"}
  [1m[36mUser Load (0.4ms)[0m  [1m[34mSELECT  "users".* FROM "users" WHERE "users"."id" = $1 LIMIT $2[0m  [["id", 1], ["LIMIT", 1]]
  ↳ app/controllers/users_controller.rb:16
Completed 200 OK in 2ms (Views: 0.7ms | ActiveRecord: 0.4ms)


